0 info it worked if it ends with ok
1 verbose cli [ '/usr/local/bin/node', '/usr/local/bin/npm', 'run', 'test' ]
2 info using npm@3.10.8
3 info using node@v6.2.1
4 verbose run-script [ 'pretest', 'test', 'posttest' ]
5 info lifecycle hangedman-phrasal-flashcards@0.0.5~pretest: hangedman-phrasal-flashcards@0.0.5
6 silly lifecycle hangedman-phrasal-flashcards@0.0.5~pretest: no script for pretest, continuing
7 info lifecycle hangedman-phrasal-flashcards@0.0.5~test: hangedman-phrasal-flashcards@0.0.5
8 verbose lifecycle hangedman-phrasal-flashcards@0.0.5~test: unsafe-perm in lifecycle true
9 verbose lifecycle hangedman-phrasal-flashcards@0.0.5~test: PATH: /usr/local/lib/node_modules/npm/bin/node-gyp-bin:/home/ela/projects/hangedman/node_modules/.bin:/usr/local/sbin:/usr/local/bin:/usr/sbin:/usr/bin:/sbin:/bin:/usr/games:/usr/local/games:/snap/bin
10 verbose lifecycle hangedman-phrasal-flashcards@0.0.5~test: CWD: /home/ela/projects/hangedman
11 silly lifecycle hangedman-phrasal-flashcards@0.0.5~test: Args: [ '-c', 'jest' ]
12 silly lifecycle hangedman-phrasal-flashcards@0.0.5~test: Returned: code: 1  signal: null
13 info lifecycle hangedman-phrasal-flashcards@0.0.5~test: Failed to exec test script
14 verbose stack Error: hangedman-phrasal-flashcards@0.0.5 test: `jest`
14 verbose stack Exit status 1
14 verbose stack     at EventEmitter.<anonymous> (/usr/local/lib/node_modules/npm/lib/utils/lifecycle.js:255:16)
14 verbose stack     at emitTwo (events.js:106:13)
14 verbose stack     at EventEmitter.emit (events.js:191:7)
14 verbose stack     at ChildProcess.<anonymous> (/usr/local/lib/node_modules/npm/lib/utils/spawn.js:40:14)
14 verbose stack     at emitTwo (events.js:106:13)
14 verbose stack     at ChildProcess.emit (events.js:191:7)
14 verbose stack     at maybeClose (internal/child_process.js:852:16)
14 verbose stack     at Process.ChildProcess._handle.onexit (internal/child_process.js:215:5)
15 verbose pkgid hangedman-phrasal-flashcards@0.0.5
16 verbose cwd /home/ela/projects/hangedman
17 error Linux 4.4.0-83-generic
18 error argv "/usr/local/bin/node" "/usr/local/bin/npm" "run" "test"
19 error node v6.2.1
20 error npm  v3.10.8
21 error code ELIFECYCLE
22 error hangedman-phrasal-flashcards@0.0.5 test: `jest`
22 error Exit status 1
23 error Failed at the hangedman-phrasal-flashcards@0.0.5 test script 'jest'.
23 error Make sure you have the latest version of node.js and npm installed.
23 error If you do, this is most likely a problem with the hangedman-phrasal-flashcards package,
23 error not with npm itself.
23 error Tell the author that this fails on your system:
23 error     jest
23 error You can get information on how to open an issue for this project with:
23 error     npm bugs hangedman-phrasal-flashcards
23 error Or if that isn't available, you can get their info via:
23 error     npm owner ls hangedman-phrasal-flashcards
23 error There is likely additional logging output above.
24 verbose exit [ 1, true ]
